<?xml version="1.0" encoding="UTF-8"?>
<!-- Generated by org.testng.reporters.JUnitReportReporter -->
<testsuite skipped="0" hostname="DESKTOP-5GI3OCP" name="com.tests.HomePageTest" tests="5" failures="0" timestamp="15 Feb 2022 04:06:50 GMT" time="55.032" errors="0">
  <testcase name="verifyHomePageTitleTest" time="17.128" classname="com.tests.HomePageTest"/>
  <testcase name="verifySellLinkTest" time="7.245" classname="com.tests.HomePageTest"/>
  <testcase name="verifyallCatLinkTest" time="7.679" classname="com.tests.HomePageTest"/>
  <testcase name="verifymusicLinkTest" time="13.605" classname="com.tests.HomePageTest"/>
  <testcase name="verifyToyLinkTest" time="9.375" classname="com.tests.HomePageTest"/>
</testsuite> <!-- com.tests.HomePageTest -->
