<?xml version="1.0" encoding="UTF-8"?>
<!-- Generated by org.testng.reporters.JUnitReportReporter -->
<testsuite skipped="0" hostname="DESKTOP-5GI3OCP" name="com.tests.LoginPageTest" tests="2" failures="0" timestamp="15 Feb 2022 04:06:50 GMT" time="10.999" errors="0">
  <testcase name="verifyLoginPageTitleTest" time="3.652" classname="com.tests.LoginPageTest"/>
  <testcase name="doLoginTest" time="7.347" classname="com.tests.LoginPageTest"/>
</testsuite> <!-- com.tests.LoginPageTest -->
