<?xml version="1.0" encoding="UTF-8"?>
<!-- Generated by org.testng.reporters.JUnitReportReporter -->
<testsuite skipped="0" hostname="DESKTOP-5GI3OCP" name="com.tests.LoginPageTest" tests="2" failures="0" timestamp="15 Feb 2022 01:39:22 GMT" time="12.484" errors="0">
  <testcase name="verifyLoginPageTitleTest" time="4.575" classname="com.tests.LoginPageTest"/>
  <testcase name="doLoginTest" time="7.909" classname="com.tests.LoginPageTest"/>
</testsuite> <!-- com.tests.LoginPageTest -->
